::1 - - [28/Oct/2020:21:15:29 -0300] "GET / HTTP/1.1" 200 101021
::1 - - [28/Oct/2020:21:15:30 -0300] "GET /style.css HTTP/1.1" 200 3041
::1 - - [28/Oct/2020:21:15:30 -0300] "GET /images/header.png HTTP/1.1" 200 7766
::1 - - [28/Oct/2020:21:15:30 -0300] "GET /images/background.jpg HTTP/1.1" 200 12386
::1 - - [28/Oct/2020:21:15:30 -0300] "GET /images/menuleft.jpg HTTP/1.1" 200 11236
::1 - - [28/Oct/2020:21:15:30 -0300] "GET /images/menu.jpg HTTP/1.1" 200 11219
::1 - - [28/Oct/2020:21:15:30 -0300] "GET /images/menuright.jpg HTTP/1.1" 200 11239
::1 - - [28/Oct/2020:21:15:30 -0300] "GET /images/content.jpg HTTP/1.1" 200 11916
::1 - - [28/Oct/2020:21:15:30 -0300] "GET /images/topcontent.jpg HTTP/1.1" 200 11578
::1 - - [28/Oct/2020:21:15:30 -0300] "GET /images/banner.jpg HTTP/1.1" 200 38149
::1 - - [28/Oct/2020:21:15:30 -0300] "GET /favicon.ico HTTP/1.1" 404 209
::1 - - [28/Oct/2020:21:16:25 -0300] "GET / HTTP/1.1" 200 101021
::1 - - [28/Oct/2020:21:16:45 -0300] "GET /phpmyadmin HTTP/1.1" 301 236
::1 - - [28/Oct/2020:21:16:45 -0300] "GET /phpmyadmin/ HTTP/1.1" 200 3460
::1 - - [28/Oct/2020:21:16:50 -0300] "GET /phpmyadmin/js/codemirror/lib/codemirror.css?v=4.7.5 HTTP/1.1" 200 8132
::1 - - [28/Oct/2020:21:16:50 -0300] "GET /phpmyadmin/js/codemirror/addon/hint/show-hint.css?v=4.7.5 HTTP/1.1" 200 623
::1 - - [28/Oct/2020:21:16:50 -0300] "GET /phpmyadmin/themes/pmahomme/jquery/jquery-ui.css HTTP/1.1" 200 36566
::1 - - [28/Oct/2020:21:16:50 -0300] "GET /phpmyadmin/js/codemirror/addon/lint/lint.css?v=4.7.5 HTTP/1.1" 200 2999
::1 - - [28/Oct/2020:21:16:50 -0300] "GET /phpmyadmin/phpmyadmin.css.php?nocache=4528413218ltr&server=1 HTTP/1.1" 200 20133
::1 - - [28/Oct/2020:21:16:50 -0300] "GET /phpmyadmin/js/get_scripts.js.php?scripts%5B%5D=codemirror/addon/lint/lint.js&scripts%5B%5D=codemirror/addon/lint/sql-lint.js&scripts%5B%5D=console.js&v=4.7.5 HTTP/1.1" 200 13176
::1 - - [28/Oct/2020:21:16:50 -0300] "GET /phpmyadmin/js/get_scripts.js.php?scripts%5B%5D=jquery/jquery.ba-hashchange-1.3.js&scripts%5B%5D=jquery/jquery.debounce-1.0.5.js&scripts%5B%5D=menu-resizer.js&scripts%5B%5D=cross_framing_protection.js&scripts%5B%5D=rte.js&scripts%5B%5D=tracekit/tracekit.js&scripts%5B%5D=error_report.js&scripts%5B%5D=config.js&scripts%5B%5D=doclinks.js&scripts%5B%5D=functions.js&v=4.7.5 HTTP/1.1" 200 77087
::1 - - [28/Oct/2020:21:16:50 -0300] "GET /phpmyadmin/js/get_scripts.js.php?scripts%5B%5D=navigation.js&scripts%5B%5D=indexes.js&scripts%5B%5D=common.js&scripts%5B%5D=page_settings.js&scripts%5B%5D=shortcuts_handler.js&scripts%5B%5D=codemirror/lib/codemirror.js&scripts%5B%5D=codemirror/mode/sql/sql.js&scripts%5B%5D=codemirror/addon/runmode/runmode.js&scripts%5B%5D=codemirror/addon/hint/show-hint.js&scripts%5B%5D=codemirror/addon/hint/sql-hint.js&v=4.7.5 HTTP/1.1" 200 135447
::1 - - [28/Oct/2020:21:16:50 -0300] "GET /phpmyadmin/js/get_scripts.js.php?scripts%5B%5D=jquery/jquery.min.js&scripts%5B%5D=jquery/jquery-migrate-3.0.0.js&scripts%5B%5D=sprintf.js&scripts%5B%5D=ajax.js&scripts%5B%5D=keyhandler.js&scripts%5B%5D=jquery/jquery-ui.min.js&scripts%5B%5D=jquery/jquery.cookie.js&scripts%5B%5D=jquery/jquery.mousewheel.js&scripts%5B%5D=jquery/jquery.event.drag-2.2.js&scripts%5B%5D=jquery/jquery-ui-timepicker-addon.js&v=4.7.5 HTTP/1.1" 200 138876
::1 - - [28/Oct/2020:21:16:50 -0300] "GET /phpmyadmin/js/whitelist.php?v=4.7.5&lang=pt&collation_connection=utf8mb4_unicode_ci HTTP/1.1" 200 475
::1 - - [28/Oct/2020:21:16:51 -0300] "GET /phpmyadmin/js/messages.php?l=pt&v=4.7.5&lang=pt&collation_connection=utf8mb4_unicode_ci HTTP/1.1" 200 9832
::1 - - [28/Oct/2020:21:16:52 -0300] "GET /phpmyadmin/js/get_image.js.php?theme=pmahomme&v=4.7.5&lang=pt&collation_connection=utf8mb4_unicode_ci HTTP/1.1" 200 1841
::1 - - [28/Oct/2020:21:16:54 -0300] "GET /phpmyadmin/themes/pmahomme/img/logo_right.png HTTP/1.1" 200 4601
::1 - - [28/Oct/2020:21:16:54 -0300] "GET /phpmyadmin/themes/dot.gif HTTP/1.1" 200 43
::1 - - [28/Oct/2020:21:16:54 -0300] "GET /phpmyadmin/themes/pmahomme/css/printview.css?v=4.7.5 HTTP/1.1" 200 2746
::1 - - [28/Oct/2020:21:16:55 -0300] "GET /phpmyadmin/themes/pmahomme/img/sprites.png?v=4.7.5 HTTP/1.1" 200 15764
::1 - - [28/Oct/2020:21:16:56 -0300] "GET /phpmyadmin/favicon.ico HTTP/1.1" 200 22486
::1 - - [28/Oct/2020:21:17:04 -0300] "GET /phpmyadmin/url.php?url=https%3A%2F%2Fdocs.phpmyadmin.net%2Fen%2Flatest%2Findex.html HTTP/1.1" 200 166
::1 - - [28/Oct/2020:21:17:59 -0300] "POST /phpmyadmin/index.php HTTP/1.1" 200 3528
::1 - - [28/Oct/2020:21:17:59 -0300] "GET /phpmyadmin/js/whitelist.php?v=4.7.5 HTTP/1.1" 200 475
::1 - - [28/Oct/2020:21:17:59 -0300] "GET /phpmyadmin/js/get_image.js.php?theme=pmahomme&v=4.7.5 HTTP/1.1" 200 1841
::1 - - [28/Oct/2020:21:17:59 -0300] "GET /phpmyadmin/js/messages.php?l=pt&v=4.7.5 HTTP/1.1" 200 9832
::1 - - [28/Oct/2020:21:20:57 -0300] "POST /phpmyadmin/index.php HTTP/1.1" 302 25
::1 - - [28/Oct/2020:21:20:57 -0300] "GET /phpmyadmin/index.php HTTP/1.1" 200 13806
::1 - - [28/Oct/2020:21:21:00 -0300] "GET /phpmyadmin/themes/pmahomme/img/logo_left.png HTTP/1.1" 200 2827
::1 - - [28/Oct/2020:21:21:00 -0300] "GET /phpmyadmin/themes/pmahomme/img/ajax_clock_small.gif HTTP/1.1" 200 1810
::1 - - [28/Oct/2020:21:21:00 -0300] "GET /phpmyadmin/phpmyadmin.css.php?nocache=6132344076ltr&server=1 HTTP/1.1" 200 20133
::1 - - [28/Oct/2020:21:21:00 -0300] "GET /phpmyadmin/themes/pmahomme/img/s_collapseall.png HTTP/1.1" 200 170
::1 - - [28/Oct/2020:21:21:00 -0300] "GET /phpmyadmin/themes/pmahomme/img/left_nav_bg.png HTTP/1.1" 200 257
::1 - - [28/Oct/2020:21:21:00 -0300] "POST /phpmyadmin/navigation.php?ajax_request=1 HTTP/1.1" 200 1910
::1 - - [28/Oct/2020:21:21:00 -0300] "POST /phpmyadmin/version_check.php HTTP/1.1" 200 62
::1 - - [28/Oct/2020:21:21:15 -0300] "GET /phpmyadmin/server_databases.php?db=&ajax_request=true&ajax_page_request=true&_nocache=160393087556975043 HTTP/1.1" 200 5798
::1 - - [28/Oct/2020:21:21:16 -0300] "GET /phpmyadmin/themes/pmahomme/img/arrow_ltr.png HTTP/1.1" 200 139
::1 - - [28/Oct/2020:21:21:16 -0300] "GET /phpmyadmin/js/get_scripts.js.php?scripts%5B%5D=server_databases.js&call_done=1&v=4.7.5&call_done=1&v=4.7.5 HTTP/1.1" 200 2154
::1 - - [28/Oct/2020:21:21:30 -0300] "POST /phpmyadmin/server_databases.php HTTP/1.1" 200 1780
::1 - - [28/Oct/2020:21:21:30 -0300] "POST /phpmyadmin/navigation.php?ajax_request=1 HTTP/1.1" 200 1969
::1 - - [28/Oct/2020:21:21:30 -0300] "GET /phpmyadmin/db_structure.php?db=ProjetoDemo&db=ProjetoDemo&ajax_request=true&ajax_page_request=true&_nocache=1603930890371129265 HTTP/1.1" 200 2903
::1 - - [28/Oct/2020:21:21:30 -0300] "GET /phpmyadmin/js/get_scripts.js.php?scripts%5B%5D=db_structure.js&scripts%5B%5D=tbl_change.js&call_done=1&v=4.7.5&call_done=1&v=4.7.5 HTTP/1.1" 200 10875
::1 - - [28/Oct/2020:21:21:42 -0300] "GET /phpmyadmin/db_structure.php?server=1&db=projetodemo&ajax_request=true&ajax_page_request=true&_nocache=1603930902393254196 HTTP/1.1" 200 2902
::1 - - [28/Oct/2020:21:21:42 -0300] "GET /phpmyadmin/navigation.php?ajax_request=1&aPath=cm9vdA%3D%3D.cHJvamV0b2RlbW8%3D&vPath=cm9vdA%3D%3D.cHJvamV0b2RlbW8%3D&pos=0&pos2_name=&pos2_value=&searchClause=&searchClause2=&_nocache=1603930902685844299 HTTP/1.1" 200 1432
::1 - - [28/Oct/2020:21:21:43 -0300] "GET /phpmyadmin/db_structure.php?server=1&db=projetodemo&ajax_request=true&ajax_page_request=true&_nocache=1603930903803603051 HTTP/1.1" 200 2902
::1 - - [28/Oct/2020:21:22:09 -0300] "POST /phpmyadmin/tbl_create.php HTTP/1.1" 200 19570
::1 - - [28/Oct/2020:21:22:11 -0300] "GET /phpmyadmin/js/get_scripts.js.php?scripts%5B%5D=jquery/jquery.uitablefilter.js&call_done=1&v=4.7.5&call_done=1&v=4.7.5 HTTP/1.1" 200 1413
::1 - - [28/Oct/2020:21:22:11 -0300] "GET /phpmyadmin/index.php?ajax_request=1&recent_table=1&no_debug=true&_nocache=1603930931601198050 HTTP/1.1" 200 1430
::1 - - [28/Oct/2020:21:22:40 -0300] "POST /phpmyadmin/tbl_indexes.php HTTP/1.1" 200 2851
::1 - - [28/Oct/2020:21:22:41 -0300] "GET /phpmyadmin/themes/pmahomme/jquery/images/ui-bg_highlight-soft_75_cccccc_1x100.png HTTP/1.1" 200 123
::1 - - [28/Oct/2020:21:22:41 -0300] "GET /phpmyadmin/themes/pmahomme/jquery/images/ui-bg_glass_75_e6e6e6_1x400.png HTTP/1.1" 200 121
::1 - - [28/Oct/2020:21:22:41 -0300] "GET /phpmyadmin/themes/pmahomme/jquery/images/ui-icons_888888_256x240.png HTTP/1.1" 200 4262
::1 - - [28/Oct/2020:21:22:41 -0300] "GET /phpmyadmin/themes/pmahomme/img/s_sortable.png HTTP/1.1" 200 234
::1 - - [28/Oct/2020:21:22:41 -0300] "GET /phpmyadmin/themes/pmahomme/jquery/images/ui-icons_222222_256x240.png HTTP/1.1" 200 4262
::1 - - [28/Oct/2020:21:22:42 -0300] "GET /phpmyadmin/themes/pmahomme/jquery/images/ui-bg_glass_75_dadada_1x400.png HTTP/1.1" 200 127
::1 - - [28/Oct/2020:21:22:44 -0300] "GET /phpmyadmin/themes/pmahomme/jquery/images/ui-icons_454545_256x240.png HTTP/1.1" 200 4262
::1 - - [28/Oct/2020:21:22:46 -0300] "GET /phpmyadmin/themes/pmahomme/jquery/images/ui-bg_glass_65_ffffff_1x400.png HTTP/1.1" 200 74
::1 - - [28/Oct/2020:21:24:06 -0300] "POST /phpmyadmin/tbl_create.php HTTP/1.1" 200 1697
::1 - - [28/Oct/2020:21:24:11 -0300] "POST /phpmyadmin/tbl_structure.php HTTP/1.1" 200 95
::1 - - [28/Oct/2020:21:24:12 -0300] "POST /phpmyadmin/tbl_create.php HTTP/1.1" 200 1648
::1 - - [28/Oct/2020:21:24:13 -0300] "GET /phpmyadmin/db_structure.php?server=1&db=projetodemo&table=Ususario&ajax_request=true&ajax_page_request=true&_nocache=1603931053329770382 HTTP/1.1" 200 4827
::1 - - [28/Oct/2020:21:24:13 -0300] "POST /phpmyadmin/navigation.php?ajax_request=1 HTTP/1.1" 200 2222
::1 - - [28/Oct/2020:21:24:13 -0300] "GET /phpmyadmin/tbl_structure.php?server=1&db=projetodemo&token=45caae9f3d95d0289501fe2ceef1aa6e&goto=db_structure.php&table=Ususario&ajax_request=true&ajax_page_request=true&_nocache=1603931053334781898 HTTP/1.1" 200 6571
::1 - - [28/Oct/2020:21:24:15 -0300] "GET /phpmyadmin/index.php?ajax_request=1&recent_table=1&no_debug=true&_nocache=1603931055032860539 HTTP/1.1" 200 1458
::1 - - [28/Oct/2020:21:24:16 -0300] "GET /phpmyadmin/js/get_scripts.js.php?scripts%5B%5D=tbl_structure.js&call_done=1&v=4.7.5&call_done=1&v=4.7.5 HTTP/1.1" 200 5241
::1 - - [28/Oct/2020:21:24:16 -0300] "GET /phpmyadmin/index.php?ajax_request=1&recent_table=1&no_debug=true&_nocache=1603931056864734279 HTTP/1.1" 200 1458
::1 - - [28/Oct/2020:21:24:34 -0300] "POST /phpmyadmin/tbl_addfield.php HTTP/1.1" 200 8168
::1 - - [28/Oct/2020:21:24:35 -0300] "GET /phpmyadmin/index.php?ajax_request=1&recent_table=1&no_debug=true&_nocache=1603931075571531363 HTTP/1.1" 200 1458
::1 - - [28/Oct/2020:21:25:04 -0300] "GET /phpmyadmin/tbl_change.php?db=projetodemo&table=Ususario&ajax_request=true&ajax_page_request=true&_nocache=16039311041451467 HTTP/1.1" 200 6224
::1 - - [28/Oct/2020:21:25:04 -0300] "GET /phpmyadmin/js/get_scripts.js.php?scripts%5B%5D=sql.js&scripts%5B%5D=jquery/jquery.validate.js&scripts%5B%5D=jquery/additional-methods.js&scripts%5B%5D=gis_data_editor.js&call_done=1&v=4.7.5&call_done=1&v=4.7.5 HTTP/1.1" 200 35579
::1 - - [28/Oct/2020:21:25:05 -0300] "GET /phpmyadmin/index.php?ajax_request=1&recent_table=1&no_debug=true&_nocache=160393110505375946 HTTP/1.1" 200 1458
::1 - - [28/Oct/2020:21:25:45 -0300] "POST /phpmyadmin/tbl_replace.php HTTP/1.1" 200 5037
::1 - - [28/Oct/2020:21:25:46 -0300] "GET /phpmyadmin/js/get_scripts.js.php?scripts%5B%5D=makegrid.js&call_done=1&v=4.7.5&call_done=1&v=4.7.5 HTTP/1.1" 200 18079
::1 - - [28/Oct/2020:21:25:46 -0300] "GET /phpmyadmin/index.php?ajax_request=1&recent_table=1&no_debug=true&_nocache=1603931146533586683 HTTP/1.1" 200 1458
::1 - - [28/Oct/2020:21:25:46 -0300] "POST /phpmyadmin/lint.php HTTP/1.1" 200 28
::1 - - [28/Oct/2020:21:25:55 -0300] "POST /phpmyadmin/import.php HTTP/1.1" 200 1983
::1 - - [28/Oct/2020:21:26:01 -0300] "GET /phpmyadmin/tbl_sql.php?db=projetodemo&table=Ususario&ajax_request=true&ajax_page_request=true&_nocache=1603931161881965260 HTTP/1.1" 200 4701
::1 - - [28/Oct/2020:21:26:02 -0300] "GET /phpmyadmin/index.php?ajax_request=1&recent_table=1&no_debug=true&_nocache=1603931162369164316 HTTP/1.1" 200 1460
::1 - - [28/Oct/2020:21:26:02 -0300] "POST /phpmyadmin/lint.php HTTP/1.1" 200 28
::1 - - [28/Oct/2020:21:26:04 -0300] "GET /phpmyadmin/tbl_structure.php?db=projetodemo&table=Ususario&ajax_request=true&ajax_page_request=true&_nocache=1603931164073713501 HTTP/1.1" 200 6562
::1 - - [28/Oct/2020:21:26:04 -0300] "GET /phpmyadmin/index.php?ajax_request=1&recent_table=1&no_debug=true&_nocache=1603931164784876871 HTTP/1.1" 200 1460
::1 - - [28/Oct/2020:21:26:29 -0300] "GET /phpmyadmin/tbl_select.php?db=projetodemo&table=Ususario&ajax_request=true&ajax_page_request=true&_nocache=1603931189963454549 HTTP/1.1" 200 3636
::1 - - [28/Oct/2020:21:26:31 -0300] "GET /phpmyadmin/js/get_scripts.js.php?scripts%5B%5D=tbl_select.js&call_done=1&v=4.7.5&call_done=1&v=4.7.5 HTTP/1.1" 200 3971
::1 - - [28/Oct/2020:21:26:31 -0300] "GET /phpmyadmin/index.php?ajax_request=1&recent_table=1&no_debug=true&_nocache=1603931191153592738 HTTP/1.1" 200 1460
::1 - - [28/Oct/2020:21:26:50 -0300] "GET /phpmyadmin/tbl_sql.php?db=projetodemo&table=Ususario&ajax_request=true&ajax_page_request=true&_nocache=1603931209981574033 HTTP/1.1" 200 4701
::1 - - [28/Oct/2020:21:26:50 -0300] "POST /phpmyadmin/lint.php HTTP/1.1" 200 28
::1 - - [28/Oct/2020:21:26:50 -0300] "GET /phpmyadmin/index.php?ajax_request=1&recent_table=1&no_debug=true&_nocache=1603931210504900255 HTTP/1.1" 200 1460
::1 - - [28/Oct/2020:21:26:52 -0300] "GET /phpmyadmin/tbl_structure.php?db=projetodemo&table=Ususario&ajax_request=true&ajax_page_request=true&_nocache=1603931212402234847 HTTP/1.1" 200 6562
::1 - - [28/Oct/2020:21:26:52 -0300] "GET /phpmyadmin/index.php?ajax_request=1&recent_table=1&no_debug=true&_nocache=1603931212921282932 HTTP/1.1" 200 1460
::1 - - [28/Oct/2020:21:27:11 -0300] "GET /phpmyadmin/navigation.php?ajax_request=1&aPath=cm9vdA%3D%3D.cHJvamV0b2RlbW8%3D.dGFibGVz.dXN1c2FyaW8%3D&vPath=cm9vdA%3D%3D.cHJvamV0b2RlbW8%3D.VGFiZWxhcw%3D%3D.dXN1c2FyaW8%3D&pos=0&pos2_name=tables&pos2_value=0&searchClause=&searchClause2=&_nocache=1603931231492289397 HTTP/1.1" 200 1962
::1 - - [28/Oct/2020:21:50:48 -0300] "POST /phpmyadmin/index.php HTTP/1.1" 200 1475
::1 - - [28/Oct/2020:21:51:24 -0300] "POST /phpmyadmin/index.php HTTP/1.1" 200 1475
::1 - - [28/Oct/2020:21:51:26 -0300] "POST /phpmyadmin/index.php HTTP/1.1" 200 73
::1 - - [28/Oct/2020:21:51:27 -0300] "GET /phpmyadmin/tbl_structure.php?db=projetodemo&table=Ususario HTTP/1.1" 200 3456
::1 - - [28/Oct/2020:21:51:27 -0300] "GET /phpmyadmin/favicon.ico HTTP/1.1" 200 22486
::1 - - [28/Oct/2020:21:52:27 -0300] "-" 408 -
::1 - - [28/Oct/2020:22:10:36 -0300] "POST /phpmyadmin/index.php HTTP/1.1" 302 25
::1 - - [28/Oct/2020:22:10:36 -0300] "GET /phpmyadmin/index.php?db=projetodemo&table=Ususario&target=tbl_structure.php HTTP/1.1" 200 12658
::1 - - [28/Oct/2020:22:10:37 -0300] "GET /phpmyadmin/js/get_scripts.js.php?scripts%5B%5D=navigation.js&scripts%5B%5D=indexes.js&scripts%5B%5D=common.js&scripts%5B%5D=page_settings.js&scripts%5B%5D=shortcuts_handler.js&scripts%5B%5D=tbl_structure.js&scripts%5B%5D=codemirror/lib/codemirror.js&scripts%5B%5D=codemirror/mode/sql/sql.js&scripts%5B%5D=codemirror/addon/runmode/runmode.js&scripts%5B%5D=codemirror/addon/hint/show-hint.js&v=4.7.5 HTTP/1.1" 200 138057
::1 - - [28/Oct/2020:22:10:37 -0300] "GET /phpmyadmin/js/get_scripts.js.php?scripts%5B%5D=codemirror/addon/hint/sql-hint.js&scripts%5B%5D=codemirror/addon/lint/lint.js&scripts%5B%5D=codemirror/addon/lint/sql-lint.js&scripts%5B%5D=console.js&v=4.7.5 HTTP/1.1" 200 15284
::1 - - [28/Oct/2020:22:10:38 -0300] "POST /phpmyadmin/navigation.php?ajax_request=1 HTTP/1.1" 200 2011
::1 - - [28/Oct/2020:22:10:38 -0300] "GET /phpmyadmin/index.php?ajax_request=1&recent_table=1&no_debug=true&_nocache=1603933838219335243 HTTP/1.1" 200 1462
::1 - - [28/Oct/2020:22:10:38 -0300] "GET /phpmyadmin/navigation.php?ajax_request=1&aPath=cm9vdA%3D%3D.cHJvamV0b2RlbW8%3D&vPath=cm9vdA%3D%3D.cHJvamV0b2RlbW8%3D&pos=0&pos2_name=&pos2_value=&searchClause=&searchClause2=&_nocache=1603933838345278772 HTTP/1.1" 200 1764
::1 - - [28/Oct/2020:22:23:13 -0300] "GET /phpmyadmin/sql.php?db=projetodemo&table=Ususario&pos=0&ajax_request=true&ajax_page_request=true&_nocache=1603934593335802333 HTTP/1.1" 200 6902
::1 - - [28/Oct/2020:22:23:14 -0300] "GET /phpmyadmin/themes/pmahomme/img/s_fulltext.png HTTP/1.1" 200 193
::1 - - [28/Oct/2020:22:23:14 -0300] "GET /phpmyadmin/js/get_scripts.js.php?scripts%5B%5D=jquery/jquery.uitablefilter.js&scripts%5B%5D=tbl_change.js&scripts%5B%5D=gis_data_editor.js&scripts%5B%5D=multi_column_sort.js&scripts%5B%5D=makegrid.js&scripts%5B%5D=sql.js&call_done=1&v=4.7.5&call_done=1&v=4.7.5 HTTP/1.1" 200 38777
::1 - - [28/Oct/2020:22:23:14 -0300] "GET /phpmyadmin/themes/pmahomme/img/col_pointer.png HTTP/1.1" 200 113
::1 - - [28/Oct/2020:22:23:14 -0300] "GET /phpmyadmin/themes/pmahomme/img/col_drop.png HTTP/1.1" 200 132
::1 - - [28/Oct/2020:22:23:14 -0300] "GET /phpmyadmin/index.php?ajax_request=1&recent_table=1&no_debug=true&_nocache=1603934594243226724 HTTP/1.1" 200 1462
::1 - - [28/Oct/2020:22:25:36 -0300] "GET /phpmyadmin/tbl_structure.php?db=projetodemo&table=Ususario&ajax_request=true&ajax_page_request=true&_nocache=1603934736052138199 HTTP/1.1" 200 6565
::1 - - [28/Oct/2020:22:25:36 -0300] "GET /phpmyadmin/index.php?ajax_request=1&recent_table=1&no_debug=true&_nocache=1603934736697557097 HTTP/1.1" 200 1462
::1 - - [28/Oct/2020:22:25:49 -0300] "GET /phpmyadmin/tbl_operations.php?db=projetodemo&table=Ususario&ajax_request=true&ajax_page_request=true&_nocache=1603934749586648343 HTTP/1.1" 200 6726
::1 - - [28/Oct/2020:22:25:50 -0300] "GET /phpmyadmin/js/get_scripts.js.php?scripts%5B%5D=tbl_operations.js&call_done=1&v=4.7.5&call_done=1&v=4.7.5 HTTP/1.1" 200 2374
::1 - - [28/Oct/2020:22:25:50 -0300] "GET /phpmyadmin/index.php?ajax_request=1&recent_table=1&no_debug=true&_nocache=1603934750489978172 HTTP/1.1" 200 1462
::1 - - [28/Oct/2020:22:26:06 -0300] "POST /phpmyadmin/tbl_operations.php HTTP/1.1" 200 7180
::1 - - [28/Oct/2020:22:26:07 -0300] "GET /phpmyadmin/tbl_operations.php?server=1&db=projetodemo&table=usuario&ajax_request=true&ajax_page_request=true&_nocache=16039347674208583 HTTP/1.1" 200 6537
::1 - - [28/Oct/2020:22:26:07 -0300] "POST /phpmyadmin/navigation.php?ajax_request=1 HTTP/1.1" 200 2234
::1 - - [28/Oct/2020:22:26:07 -0300] "GET /phpmyadmin/index.php?ajax_request=1&recent_table=1&no_debug=true&_nocache=1603934767863397746 HTTP/1.1" 200 1473
::1 - - [28/Oct/2020:22:26:52 -0300] "GET /phpmyadmin/sql.php?db=projetodemo&table=usuario&pos=0&ajax_request=true&ajax_page_request=true&_nocache=1603934812358546077 HTTP/1.1" 200 7062
::1 - - [28/Oct/2020:22:26:52 -0300] "GET /phpmyadmin/index.php?ajax_request=1&recent_table=1&no_debug=true&_nocache=1603934812878364298 HTTP/1.1" 200 1473
::1 - - [29/Oct/2020:08:16:29 -0300] "POST /phpmyadmin/index.php HTTP/1.1" 200 73
::1 - - [29/Oct/2020:08:16:33 -0300] "GET /phpmyadmin/sql.php?db=projetodemo&table=usuario&pos=0 HTTP/1.1" 200 3452
::1 - - [29/Oct/2020:08:16:41 -0300] "GET /phpmyadmin/js/get_scripts.js.php?scripts%5B%5D=jquery/jquery.min.js&scripts%5B%5D=jquery/jquery-migrate-3.0.0.js&scripts%5B%5D=sprintf.js&scripts%5B%5D=ajax.js&scripts%5B%5D=keyhandler.js&scripts%5B%5D=jquery/jquery-ui.min.js&scripts%5B%5D=jquery/jquery.cookie.js&scripts%5B%5D=jquery/jquery.mousewheel.js&scripts%5B%5D=jquery/jquery.event.drag-2.2.js&scripts%5B%5D=jquery/jquery-ui-timepicker-addon.js&v=4.7.5 HTTP/1.1" 200 138876
::1 - - [29/Oct/2020:08:16:41 -0300] "GET /phpmyadmin/phpmyadmin.css.php?nocache=4528413218ltr&server=1 HTTP/1.1" 200 20133
::1 - - [29/Oct/2020:08:16:41 -0300] "GET /phpmyadmin/js/get_scripts.js.php?scripts%5B%5D=jquery/jquery.ba-hashchange-1.3.js&scripts%5B%5D=jquery/jquery.debounce-1.0.5.js&scripts%5B%5D=menu-resizer.js&scripts%5B%5D=cross_framing_protection.js&scripts%5B%5D=rte.js&scripts%5B%5D=tracekit/tracekit.js&scripts%5B%5D=error_report.js&scripts%5B%5D=config.js&scripts%5B%5D=doclinks.js&scripts%5B%5D=functions.js&v=4.7.5 HTTP/1.1" 200 77087
::1 - - [29/Oct/2020:08:16:45 -0300] "GET /phpmyadmin/js/get_scripts.js.php?scripts%5B%5D=navigation.js&scripts%5B%5D=indexes.js&scripts%5B%5D=common.js&scripts%5B%5D=page_settings.js&scripts%5B%5D=shortcuts_handler.js&scripts%5B%5D=codemirror/lib/codemirror.js&scripts%5B%5D=codemirror/mode/sql/sql.js&scripts%5B%5D=codemirror/addon/runmode/runmode.js&scripts%5B%5D=codemirror/addon/hint/show-hint.js&scripts%5B%5D=codemirror/addon/hint/sql-hint.js&v=4.7.5 HTTP/1.1" 200 135447
::1 - - [29/Oct/2020:08:16:45 -0300] "GET /phpmyadmin/js/get_scripts.js.php?scripts%5B%5D=codemirror/addon/lint/lint.js&scripts%5B%5D=codemirror/addon/lint/sql-lint.js&scripts%5B%5D=console.js&v=4.7.5 HTTP/1.1" 200 13176
::1 - - [29/Oct/2020:08:16:46 -0300] "GET /phpmyadmin/js/whitelist.php?v=4.7.5 HTTP/1.1" 200 475
::1 - - [29/Oct/2020:08:16:48 -0300] "GET /phpmyadmin/js/get_image.js.php?theme=pmahomme&v=4.7.5 HTTP/1.1" 200 1841
::1 - - [29/Oct/2020:08:16:48 -0300] "GET /phpmyadmin/js/messages.php?l=pt&v=4.7.5 HTTP/1.1" 200 9832
::1 - - [29/Oct/2020:08:16:50 -0300] "GET /phpmyadmin/favicon.ico HTTP/1.1" 200 22486
